<?xml version="1.0" encoding="utf-8"?>
<TestRun id="9e50d827-862b-430b-9f9b-e0375e188178" name="@Eman 2021-01-27 15:58:59" xmlns="http://microsoft.com/schemas/VisualStudio/TeamTest/2010">
  <Times creation="2021-01-27T15:58:59.5222980+08:00" queuing="2021-01-27T15:58:59.5222980+08:00" start="2021-01-27T15:58:56.1630700+08:00" finish="2021-01-27T15:58:59.5300600+08:00" />
  <TestSettings name="default" id="0c416ada-ef56-4020-84c8-a1a1da1e302d">
    <Deployment runDeploymentRoot="_Eman_2021-01-27_15_58_59" />
  </TestSettings>
  <Results>
    <UnitTestResult executionId="7776040a-42be-4ac7-9917-e8dea31ecfe4" testId="58baecd9-4f5d-24ca-12a6-96457e3a9d39" testName="GameEngine.Tests.GameStateShould.DamageAllPlayersWhenEarthquake" computerName="Eman" duration="00:00:00.0089617" startTime="2021-01-27T15:58:59.3032270+08:00" endTime="2021-01-27T15:58:59.3032280+08:00" testType="13cdc9d9-ddb5-4fa4-a97d-d965ccfc6d4b" outcome="Passed" testListId="8c84fa94-04c1-424b-9868-57a2d4851a1d" relativeResultsDirectory="7776040a-42be-4ac7-9917-e8dea31ecfe4">
      <Output>
        <StdOut>GameState ID=0525a385-d8b2-4723-a052-4a6095de6563</StdOut>
      </Output>
    </UnitTestResult>
    <UnitTestResult executionId="55791a1b-3df5-400c-8335-40db705d8241" testId="dfae91d6-3f6e-53f0-ca9f-c2c36c50e1ca" testName="GameEngine.Tests.GameStateShould.Reset" computerName="Eman" duration="00:00:00.0292795" startTime="2021-01-27T15:58:59.2911100+08:00" endTime="2021-01-27T15:58:59.2912720+08:00" testType="13cdc9d9-ddb5-4fa4-a97d-d965ccfc6d4b" outcome="Passed" testListId="8c84fa94-04c1-424b-9868-57a2d4851a1d" relativeResultsDirectory="55791a1b-3df5-400c-8335-40db705d8241">
      <Output>
        <StdOut>GameState ID=0525a385-d8b2-4723-a052-4a6095de6563</StdOut>
      </Output>
    </UnitTestResult>
  </Results>
  <TestDefinitions>
    <UnitTest name="GameEngine.Tests.GameStateShould.DamageAllPlayersWhenEarthquake" storage="/users/eman.sayma/documents/dotnet/testing/course1/game/gameengine.tests/bin/debug/net5.0/gameengine.tests.dll" id="58baecd9-4f5d-24ca-12a6-96457e3a9d39">
      <Execution id="7776040a-42be-4ac7-9917-e8dea31ecfe4" />
      <TestMethod codeBase="/Users/eman.sayma/Documents/dotnet/testing/course1/Game/GameEngine.Tests/bin/Debug/net5.0/GameEngine.Tests.dll" adapterTypeName="executor://xunit/VsTestRunner2/netcoreapp" className="GameEngine.Tests.GameStateShould" name="DamageAllPlayersWhenEarthquake" />
    </UnitTest>
    <UnitTest name="GameEngine.Tests.GameStateShould.Reset" storage="/users/eman.sayma/documents/dotnet/testing/course1/game/gameengine.tests/bin/debug/net5.0/gameengine.tests.dll" id="dfae91d6-3f6e-53f0-ca9f-c2c36c50e1ca">
      <Execution id="55791a1b-3df5-400c-8335-40db705d8241" />
      <TestMethod codeBase="/Users/eman.sayma/Documents/dotnet/testing/course1/Game/GameEngine.Tests/bin/Debug/net5.0/GameEngine.Tests.dll" adapterTypeName="executor://xunit/VsTestRunner2/netcoreapp" className="GameEngine.Tests.GameStateShould" name="Reset" />
    </UnitTest>
  </TestDefinitions>
  <TestEntries>
    <TestEntry testId="58baecd9-4f5d-24ca-12a6-96457e3a9d39" executionId="7776040a-42be-4ac7-9917-e8dea31ecfe4" testListId="8c84fa94-04c1-424b-9868-57a2d4851a1d" />
    <TestEntry testId="dfae91d6-3f6e-53f0-ca9f-c2c36c50e1ca" executionId="55791a1b-3df5-400c-8335-40db705d8241" testListId="8c84fa94-04c1-424b-9868-57a2d4851a1d" />
  </TestEntries>
  <TestLists>
    <TestList name="Results Not in a List" id="8c84fa94-04c1-424b-9868-57a2d4851a1d" />
    <TestList name="All Loaded Results" id="19431567-8539-422a-85d7-44ee4e166bda" />
  </TestLists>
  <ResultSummary outcome="Completed">
    <Counters total="2" executed="2" passed="2" failed="0" error="0" timeout="0" aborted="0" inconclusive="0" passedButRunAborted="0" notRunnable="0" notExecuted="0" disconnected="0" warning="0" completed="0" inProgress="0" pending="0" />
    <Output>
      <StdOut>[xUnit.net 00:00:00.00] xUnit.net VSTest Adapter v2.4.3+1b45f5407b (64-bit .NET 5.0.1-servicing.20575.16)
[xUnit.net 00:00:00.39]   Discovering: GameEngine.Tests
[xUnit.net 00:00:00.44]   Discovered:  GameEngine.Tests
[xUnit.net 00:00:00.45]   Starting:    GameEngine.Tests
[xUnit.net 00:00:02.65]   Finished:    GameEngine.Tests
</StdOut>
    </Output>
  </ResultSummary>
</TestRun>